[INFO ] 2024-08-06 12:52:58.130 [MainController.main()] Version - HHH000412: Hibernate ORM core version 5.6.15.Final
[WARN ] 2024-08-06 12:52:58.303 [MainController.main()] deprecation - HHH90000012: Recognized obsolete hibernate namespace http://hibernate.sourceforge.net/hibernate-configuration. Use namespace http://www.hibernate.org/dtd/hibernate-configuration instead.  Support for obsolete DTD/XSD namespaces may be removed at any time.
[INFO ] 2024-08-06 12:52:58.491 [MainController.main()] Version - HCANN000001: Hibernate Commons Annotations {5.1.2.Final}
[WARN ] 2024-08-06 12:52:58.601 [MainController.main()] pooling - HHH10001002: Using Hibernate built-in connection pool (not for production use!)
[INFO ] 2024-08-06 12:52:58.617 [MainController.main()] pooling - HHH10001005: using driver [org.postgresql.Driver] at URL [jdbc:postgresql://localhost:5432/EmployeeManage]
[INFO ] 2024-08-06 12:52:58.617 [MainController.main()] pooling - HHH10001001: Connection properties: {password=****, user=postgres}
[INFO ] 2024-08-06 12:52:58.617 [MainController.main()] pooling - HHH10001003: Autocommit mode: false
[INFO ] 2024-08-06 12:52:58.617 [MainController.main()] DriverManagerConnectionProviderImpl - HHH000115: Hibernate connection pool size: 20 (min=1)
[INFO ] 2024-08-06 12:52:58.853 [MainController.main()] Dialect - HHH000400: Using dialect: org.hibernate.dialect.PostgreSQLDialect
[INFO ] 2024-08-06 12:52:59.528 [MainController.main()] access - HHH10001501: Connection obtained from JdbcConnectionAccess [org.hibernate.engine.jdbc.env.internal.JdbcEnvironmentInitiator$ConnectionProviderJdbcConnectionAccess@672743b5] for (non-JTA) DDL execution was not in auto-commit mode; the Connection 'local transaction' will be committed and the Connection will be set into auto-commit mode.
[INFO ] 2024-08-06 12:52:59.622 [MainController.main()] JtaPlatformInitiator - HHH000490: Using JtaPlatform implementation: [org.hibernate.engine.transaction.jta.platform.internal.NoJtaPlatform]
[INFO ] 2024-08-06 12:53:05.860 [MainController.main()] CourseController - Course deleted successfully.
[INFO ] 2024-08-07 10:53:30.867 [MainController.main()] Version - HHH000412: Hibernate ORM core version 5.6.15.Final
[WARN ] 2024-08-07 10:53:31.147 [MainController.main()] deprecation - HHH90000012: Recognized obsolete hibernate namespace http://hibernate.sourceforge.net/hibernate-configuration. Use namespace http://www.hibernate.org/dtd/hibernate-configuration instead.  Support for obsolete DTD/XSD namespaces may be removed at any time.
[INFO ] 2024-08-07 10:53:31.577 [MainController.main()] Version - HCANN000001: Hibernate Commons Annotations {5.1.2.Final}
[WARN ] 2024-08-07 10:53:31.702 [MainController.main()] pooling - HHH10001002: Using Hibernate built-in connection pool (not for production use!)
[INFO ] 2024-08-07 10:53:31.705 [MainController.main()] pooling - HHH10001005: using driver [org.postgresql.Driver] at URL [jdbc:postgresql://localhost:5432/EmployeeManage]
[INFO ] 2024-08-07 10:53:31.705 [MainController.main()] pooling - HHH10001001: Connection properties: {password=****, user=postgres}
[INFO ] 2024-08-07 10:53:31.705 [MainController.main()] pooling - HHH10001003: Autocommit mode: false
[INFO ] 2024-08-07 10:53:31.711 [MainController.main()] DriverManagerConnectionProviderImpl - HHH000115: Hibernate connection pool size: 20 (min=1)
[INFO ] 2024-08-07 10:53:31.942 [MainController.main()] Dialect - HHH000400: Using dialect: org.hibernate.dialect.PostgreSQLDialect
[INFO ] 2024-08-07 10:53:32.756 [MainController.main()] access - HHH10001501: Connection obtained from JdbcConnectionAccess [org.hibernate.engine.jdbc.env.internal.JdbcEnvironmentInitiator$ConnectionProviderJdbcConnectionAccess@5fd7ff99] for (non-JTA) DDL execution was not in auto-commit mode; the Connection 'local transaction' will be committed and the Connection will be set into auto-commit mode.
[INFO ] 2024-08-07 10:53:32.890 [MainController.main()] JtaPlatformInitiator - HHH000490: Using JtaPlatform implementation: [org.hibernate.engine.transaction.jta.platform.internal.NoJtaPlatform]
[INFO ] 2024-08-07 10:56:06.899 [MainController.main()] Version - HHH000412: Hibernate ORM core version 5.6.15.Final
[WARN ] 2024-08-07 10:56:07.104 [MainController.main()] deprecation - HHH90000012: Recognized obsolete hibernate namespace http://hibernate.sourceforge.net/hibernate-configuration. Use namespace http://www.hibernate.org/dtd/hibernate-configuration instead.  Support for obsolete DTD/XSD namespaces may be removed at any time.
[INFO ] 2024-08-07 10:56:07.388 [MainController.main()] Version - HCANN000001: Hibernate Commons Annotations {5.1.2.Final}
[WARN ] 2024-08-07 10:56:07.519 [MainController.main()] pooling - HHH10001002: Using Hibernate built-in connection pool (not for production use!)
[INFO ] 2024-08-07 10:56:07.523 [MainController.main()] pooling - HHH10001005: using driver [org.postgresql.Driver] at URL [jdbc:postgresql://localhost:5432/EmployeeManage]
[INFO ] 2024-08-07 10:56:07.523 [MainController.main()] pooling - HHH10001001: Connection properties: {password=****, user=postgres}
[INFO ] 2024-08-07 10:56:07.523 [MainController.main()] pooling - HHH10001003: Autocommit mode: false
[INFO ] 2024-08-07 10:56:07.530 [MainController.main()] DriverManagerConnectionProviderImpl - HHH000115: Hibernate connection pool size: 20 (min=1)
[INFO ] 2024-08-07 10:56:07.848 [MainController.main()] Dialect - HHH000400: Using dialect: org.hibernate.dialect.PostgreSQLDialect
[INFO ] 2024-08-07 10:56:08.910 [MainController.main()] access - HHH10001501: Connection obtained from JdbcConnectionAccess [org.hibernate.engine.jdbc.env.internal.JdbcEnvironmentInitiator$ConnectionProviderJdbcConnectionAccess@3472fd72] for (non-JTA) DDL execution was not in auto-commit mode; the Connection 'local transaction' will be committed and the Connection will be set into auto-commit mode.
[INFO ] 2024-08-07 10:56:09.069 [MainController.main()] JtaPlatformInitiator - HHH000490: Using JtaPlatform implementation: [org.hibernate.engine.transaction.jta.platform.internal.NoJtaPlatform]
[INFO ] 2024-08-07 10:56:33.071 [MainController.main()] Version - HHH000412: Hibernate ORM core version 5.6.15.Final
[WARN ] 2024-08-07 10:56:33.276 [MainController.main()] deprecation - HHH90000012: Recognized obsolete hibernate namespace http://hibernate.sourceforge.net/hibernate-configuration. Use namespace http://www.hibernate.org/dtd/hibernate-configuration instead.  Support for obsolete DTD/XSD namespaces may be removed at any time.
[INFO ] 2024-08-07 10:56:33.543 [MainController.main()] Version - HCANN000001: Hibernate Commons Annotations {5.1.2.Final}
[WARN ] 2024-08-07 10:56:33.679 [MainController.main()] pooling - HHH10001002: Using Hibernate built-in connection pool (not for production use!)
[INFO ] 2024-08-07 10:56:33.679 [MainController.main()] pooling - HHH10001005: using driver [org.postgresql.Driver] at URL [jdbc:postgresql://localhost:5432/EmployeeManage]
[INFO ] 2024-08-07 10:56:33.685 [MainController.main()] pooling - HHH10001001: Connection properties: {password=****, user=postgres}
[INFO ] 2024-08-07 10:56:33.685 [MainController.main()] pooling - HHH10001003: Autocommit mode: false
[INFO ] 2024-08-07 10:56:33.685 [MainController.main()] DriverManagerConnectionProviderImpl - HHH000115: Hibernate connection pool size: 20 (min=1)
[INFO ] 2024-08-07 10:56:33.986 [MainController.main()] Dialect - HHH000400: Using dialect: org.hibernate.dialect.PostgreSQLDialect
[INFO ] 2024-08-07 10:56:34.984 [MainController.main()] access - HHH10001501: Connection obtained from JdbcConnectionAccess [org.hibernate.engine.jdbc.env.internal.JdbcEnvironmentInitiator$ConnectionProviderJdbcConnectionAccess@4a7792e9] for (non-JTA) DDL execution was not in auto-commit mode; the Connection 'local transaction' will be committed and the Connection will be set into auto-commit mode.
[INFO ] 2024-08-07 10:56:35.122 [MainController.main()] JtaPlatformInitiator - HHH000490: Using JtaPlatform implementation: [org.hibernate.engine.transaction.jta.platform.internal.NoJtaPlatform]
